{"level":"error","message":"Could not get the genre Could not get the genre","stack":"Error: Could not get the genre\n    at /Users/michael/TechHub/vidly/routes/genres.js:9:11\n    at newFn (/Users/michael/TechHub/vidly/node_modules/express-async-errors/index.js:16:20)\n    at Layer.handle [as handle_request] (/Users/michael/TechHub/vidly/node_modules/express/lib/router/layer.js:95:5)\n    at next (/Users/michael/TechHub/vidly/node_modules/express/lib/router/route.js:144:13)\n    at Route.dispatch (/Users/michael/TechHub/vidly/node_modules/express/lib/router/route.js:114:3)\n    at newFn (/Users/michael/TechHub/vidly/node_modules/express-async-errors/index.js:16:20)\n    at Layer.handle [as handle_request] (/Users/michael/TechHub/vidly/node_modules/express/lib/router/layer.js:95:5)\n    at /Users/michael/TechHub/vidly/node_modules/express/lib/router/index.js:284:15\n    at Function.process_params (/Users/michael/TechHub/vidly/node_modules/express/lib/router/index.js:346:12)\n    at next (/Users/michael/TechHub/vidly/node_modules/express/lib/router/index.js:280:10)"}
{"level":"error","message":"Could not get the genre Could not get the genre","stack":"Error: Could not get the genre\n    at /Users/michael/TechHub/vidly/routes/genres.js:9:11\n    at newFn (/Users/michael/TechHub/vidly/node_modules/express-async-errors/index.js:16:20)\n    at Layer.handle [as handle_request] (/Users/michael/TechHub/vidly/node_modules/express/lib/router/layer.js:95:5)\n    at next (/Users/michael/TechHub/vidly/node_modules/express/lib/router/route.js:144:13)\n    at Route.dispatch (/Users/michael/TechHub/vidly/node_modules/express/lib/router/route.js:114:3)\n    at newFn (/Users/michael/TechHub/vidly/node_modules/express-async-errors/index.js:16:20)\n    at Layer.handle [as handle_request] (/Users/michael/TechHub/vidly/node_modules/express/lib/router/layer.js:95:5)\n    at /Users/michael/TechHub/vidly/node_modules/express/lib/router/index.js:284:15\n    at Function.process_params (/Users/michael/TechHub/vidly/node_modules/express/lib/router/index.js:346:12)\n    at next (/Users/michael/TechHub/vidly/node_modules/express/lib/router/index.js:280:10)"}
{"level":"error","message":"Could not get the genre Could not get the genre","stack":"Error: Could not get the genre\n    at /Users/michael/TechHub/vidly/routes/genres.js:9:11\n    at newFn (/Users/michael/TechHub/vidly/node_modules/express-async-errors/index.js:16:20)\n    at Layer.handle [as handle_request] (/Users/michael/TechHub/vidly/node_modules/express/lib/router/layer.js:95:5)\n    at next (/Users/michael/TechHub/vidly/node_modules/express/lib/router/route.js:144:13)\n    at Route.dispatch (/Users/michael/TechHub/vidly/node_modules/express/lib/router/route.js:114:3)\n    at newFn (/Users/michael/TechHub/vidly/node_modules/express-async-errors/index.js:16:20)\n    at Layer.handle [as handle_request] (/Users/michael/TechHub/vidly/node_modules/express/lib/router/layer.js:95:5)\n    at /Users/michael/TechHub/vidly/node_modules/express/lib/router/index.js:284:15\n    at Function.process_params (/Users/michael/TechHub/vidly/node_modules/express/lib/router/index.js:346:12)\n    at next (/Users/michael/TechHub/vidly/node_modules/express/lib/router/index.js:280:10)"}
{"level":"error","message":"Something Failed during startup Something Failed during startup","stack":"Error: Something Failed during startup\n    at Object.<anonymous> (/Users/michael/TechHub/vidly/index.js:30:7)\n    at Module._compile (node:internal/modules/cjs/loader:1105:14)\n    at Object.Module._extensions..js (node:internal/modules/cjs/loader:1159:10)\n    at Module.load (node:internal/modules/cjs/loader:981:32)\n    at Function.Module._load (node:internal/modules/cjs/loader:822:12)\n    at Function.executeUserEntryPoint [as runMain] (node:internal/modules/run_main:77:12)\n    at node:internal/main/run_main_module:17:47"}
{"level":"error","message":"Something Failed during startup Something Failed during startup","stack":"Error: Something Failed during startup\n    at Object.<anonymous> (/Users/michael/TechHub/vidly/index.js:30:7)\n    at Module._compile (node:internal/modules/cjs/loader:1105:14)\n    at Object.Module._extensions..js (node:internal/modules/cjs/loader:1159:10)\n    at Module.load (node:internal/modules/cjs/loader:981:32)\n    at Function.Module._load (node:internal/modules/cjs/loader:822:12)\n    at Function.executeUserEntryPoint [as runMain] (node:internal/modules/run_main:77:12)\n    at node:internal/main/run_main_module:17:47"}
{"level":"error","message":"Something Failed during startup Something Failed during startup","stack":"Error: Something Failed during startup\n    at Object.<anonymous> (/Users/michael/TechHub/vidly/index.js:31:7)\n    at Module._compile (node:internal/modules/cjs/loader:1105:14)\n    at Object.Module._extensions..js (node:internal/modules/cjs/loader:1159:10)\n    at Module.load (node:internal/modules/cjs/loader:981:32)\n    at Function.Module._load (node:internal/modules/cjs/loader:822:12)\n    at Function.executeUserEntryPoint [as runMain] (node:internal/modules/run_main:77:12)\n    at node:internal/main/run_main_module:17:47"}
{"level":"error","message":"Something failed miserably Something failed miserably","stack":"Error: Something failed miserably\n    at Object.<anonymous> (/Users/michael/TechHub/vidly/index.js:33:26)\n    at Module._compile (node:internal/modules/cjs/loader:1105:14)\n    at Object.Module._extensions..js (node:internal/modules/cjs/loader:1159:10)\n    at Module.load (node:internal/modules/cjs/loader:981:32)\n    at Function.Module._load (node:internal/modules/cjs/loader:822:12)\n    at Function.executeUserEntryPoint [as runMain] (node:internal/modules/run_main:77:12)\n    at node:internal/main/run_main_module:17:47"}
{"level":"error","message":"Something failed miserably Something failed miserably","stack":"Error: Something failed miserably\n    at Object.<anonymous> (/Users/michael/TechHub/vidly/index.js:33:26)\n    at Module._compile (node:internal/modules/cjs/loader:1105:14)\n    at Object.Module._extensions..js (node:internal/modules/cjs/loader:1159:10)\n    at Module.load (node:internal/modules/cjs/loader:981:32)\n    at Function.Module._load (node:internal/modules/cjs/loader:822:12)\n    at Function.executeUserEntryPoint [as runMain] (node:internal/modules/run_main:77:12)\n    at node:internal/main/run_main_module:17:47"}
{"level":"error","message":"Something failed miserably Something failed miserably","stack":"Error: Something failed miserably\n    at Object.<anonymous> (/Users/michael/TechHub/vidly/index.js:33:26)\n    at Module._compile (node:internal/modules/cjs/loader:1105:14)\n    at Object.Module._extensions..js (node:internal/modules/cjs/loader:1159:10)\n    at Module.load (node:internal/modules/cjs/loader:981:32)\n    at Function.Module._load (node:internal/modules/cjs/loader:822:12)\n    at Function.executeUserEntryPoint [as runMain] (node:internal/modules/run_main:77:12)\n    at node:internal/main/run_main_module:17:47"}
{"level":"error","message":"Something failed miserably Something failed miserably","stack":"Error: Something failed miserably\n    at Object.<anonymous> (/Users/michael/TechHub/vidly/index.js:35:26)\n    at Module._compile (node:internal/modules/cjs/loader:1105:14)\n    at Object.Module._extensions..js (node:internal/modules/cjs/loader:1159:10)\n    at Module.load (node:internal/modules/cjs/loader:981:32)\n    at Function.Module._load (node:internal/modules/cjs/loader:822:12)\n    at Function.executeUserEntryPoint [as runMain] (node:internal/modules/run_main:77:12)\n    at node:internal/main/run_main_module:17:47"}
{"level":"error","message":"Something failed miserably Something failed miserably","stack":"Error: Something failed miserably\n    at Object.<anonymous> (/Users/michael/TechHub/vidly/index.js:34:26)\n    at Module._compile (node:internal/modules/cjs/loader:1105:14)\n    at Object.Module._extensions..js (node:internal/modules/cjs/loader:1159:10)\n    at Module.load (node:internal/modules/cjs/loader:981:32)\n    at Function.Module._load (node:internal/modules/cjs/loader:822:12)\n    at Function.executeUserEntryPoint [as runMain] (node:internal/modules/run_main:77:12)\n    at node:internal/main/run_main_module:17:47"}
{"level":"error","message":"Something failed miserably Something failed miserably","stack":"Error: Something failed miserably\n    at Object.<anonymous> (/Users/michael/TechHub/vidly/index.js:34:26)\n    at Module._compile (node:internal/modules/cjs/loader:1105:14)\n    at Object.Module._extensions..js (node:internal/modules/cjs/loader:1159:10)\n    at Module.load (node:internal/modules/cjs/loader:981:32)\n    at Function.Module._load (node:internal/modules/cjs/loader:822:12)\n    at Function.executeUserEntryPoint [as runMain] (node:internal/modules/run_main:77:12)\n    at node:internal/main/run_main_module:17:47"}
{"level":"error","message":"Could not get the genre Could not get the genre","stack":"Error: Could not get the genre\n    at /Users/michael/TechHub/vidly/routes/genres.js:9:11\n    at newFn (/Users/michael/TechHub/vidly/node_modules/express-async-errors/index.js:16:20)\n    at Layer.handle [as handle_request] (/Users/michael/TechHub/vidly/node_modules/express/lib/router/layer.js:95:5)\n    at next (/Users/michael/TechHub/vidly/node_modules/express/lib/router/route.js:144:13)\n    at Route.dispatch (/Users/michael/TechHub/vidly/node_modules/express/lib/router/route.js:114:3)\n    at newFn (/Users/michael/TechHub/vidly/node_modules/express-async-errors/index.js:16:20)\n    at Layer.handle [as handle_request] (/Users/michael/TechHub/vidly/node_modules/express/lib/router/layer.js:95:5)\n    at /Users/michael/TechHub/vidly/node_modules/express/lib/router/index.js:284:15\n    at Function.process_params (/Users/michael/TechHub/vidly/node_modules/express/lib/router/index.js:346:12)\n    at next (/Users/michael/TechHub/vidly/node_modules/express/lib/router/index.js:280:10)"}
{"level":"error","message":"Could not get the genre Could not get the genre","stack":"Error: Could not get the genre\n    at /Users/michael/TechHub/vidly/routes/genres.js:9:11\n    at newFn (/Users/michael/TechHub/vidly/node_modules/express-async-errors/index.js:16:20)\n    at Layer.handle [as handle_request] (/Users/michael/TechHub/vidly/node_modules/express/lib/router/layer.js:95:5)\n    at next (/Users/michael/TechHub/vidly/node_modules/express/lib/router/route.js:144:13)\n    at Route.dispatch (/Users/michael/TechHub/vidly/node_modules/express/lib/router/route.js:114:3)\n    at newFn (/Users/michael/TechHub/vidly/node_modules/express-async-errors/index.js:16:20)\n    at Layer.handle [as handle_request] (/Users/michael/TechHub/vidly/node_modules/express/lib/router/layer.js:95:5)\n    at /Users/michael/TechHub/vidly/node_modules/express/lib/router/index.js:284:15\n    at Function.process_params (/Users/michael/TechHub/vidly/node_modules/express/lib/router/index.js:346:12)\n    at next (/Users/michael/TechHub/vidly/node_modules/express/lib/router/index.js:280:10)"}
{"level":"error","message":"Could not get the genre Could not get the genre","stack":"Error: Could not get the genre\n    at /Users/michael/TechHub/vidly/routes/genres.js:9:11\n    at newFn (/Users/michael/TechHub/vidly/node_modules/express-async-errors/index.js:16:20)\n    at Layer.handle [as handle_request] (/Users/michael/TechHub/vidly/node_modules/express/lib/router/layer.js:95:5)\n    at next (/Users/michael/TechHub/vidly/node_modules/express/lib/router/route.js:144:13)\n    at Route.dispatch (/Users/michael/TechHub/vidly/node_modules/express/lib/router/route.js:114:3)\n    at newFn (/Users/michael/TechHub/vidly/node_modules/express-async-errors/index.js:16:20)\n    at Layer.handle [as handle_request] (/Users/michael/TechHub/vidly/node_modules/express/lib/router/layer.js:95:5)\n    at /Users/michael/TechHub/vidly/node_modules/express/lib/router/index.js:284:15\n    at Function.process_params (/Users/michael/TechHub/vidly/node_modules/express/lib/router/index.js:346:12)\n    at next (/Users/michael/TechHub/vidly/node_modules/express/lib/router/index.js:280:10)"}
{"level":"info","message":"Connected to MongoDB....."}
{"level":"info","message":"Connected to MongoDB....."}
{"level":"info","message":"Connected to MongoDB....."}
{"level":"info","message":"Connected to MongoDB....."}
{"level":"info","message":"Connected to MongoDB....."}
{"level":"info","message":"Connected to MongoDB....."}
{"level":"info","message":"Connected to MongoDB....."}
{"level":"info","message":"Connected to MongoDB....."}
{"level":"info","message":"Connected to MongoDB....."}
{"level":"info","message":"Connected to MongoDB....."}
{"level":"info","message":"Connected to MongoDB....."}
{"level":"info","message":"Connected to MongoDB....."}
{"level":"info","message":"Connected to MongoDB....."}
{"level":"info","message":"Connected to MongoDB....."}
{"level":"info","message":"Connected to MongoDB....."}
{"level":"info","message":"Connected to MongoDB....."}
{"level":"info","message":"Connected to MongoDB....."}
{"level":"info","message":"Connected to MongoDB....."}
{"level":"info","message":"Connected to MongoDB....."}
{"level":"info","message":"Connected to MongoDB....."}
{"level":"info","message":"Connected to MongoDB....."}
{"level":"info","message":"Connected to MongoDB....."}
{"level":"info","message":"Connected to MongoDB....."}
{"level":"info","message":"Connected to MongoDB....."}
{"level":"info","message":"Connected to MongoDB....."}
{"level":"info","message":"Connected to MongoDB....."}
{"level":"info","message":"Connected to MongoDB....."}
{"level":"info","message":"Connected to MongoDB....."}
{"level":"info","message":"Connected to MongoDB....."}
{"level":"info","message":"Connected to MongoDB....."}
{"level":"info","message":"Connected to MongoDB....."}
{"level":"info","message":"Connected to MongoDB....."}
{"level":"info","message":"Connected to MongoDB....."}
{"level":"info","message":"Connected to MongoDB....."}
{"level":"info","message":"Connected to MongoDB....."}
{"level":"info","message":"Server running on port 8000"}
{"level":"info","message":"Server running on port 8000"}
{"level":"info","message":"Connected to MongoDB....."}
{"level":"info","message":"Server running on port 8000"}
{"level":"info","message":"Connected to MongoDB....."}
{"level":"info","message":"Server running on port 8000"}
{"level":"info","message":"Connected to MongoDB....."}
{"level":"info","message":"Server running on port 8000"}
{"level":"info","message":"Server running on port 8000"}
{"level":"info","message":"Connected to MongoDB....."}
{"level":"info","message":"Server running on port 8000"}
{"level":"info","message":"Connected to MongoDB....."}
{"level":"info","message":"Server running on port 8000"}
{"level":"info","message":"Connected to MongoDB....."}
{"level":"info","message":"Connected to MongoDB....."}
{"level":"info","message":"Connected to MongoDB....."}
{"level":"info","message":"Connected to MongoDB....."}
